<?xml version="1.0" encoding="utf-8"?><testsuites name="pytest tests"><testsuite name="pytest" errors="0" failures="1" skipped="0" tests="42" time="11.116" timestamp="2026-08-14T08:54:33.820181+00:00" hostname="agent-env-4cbfbf2c-4953-4501-a7bd-59b801174034"><testcase classname="tests.test_auth_saas.TestRegister" name="test_success_returns_token_and_user" time="0.391" /><testcase classname="tests.test_auth_saas.TestRegister" name="test_email_normalized_lowercase" time="0.452" /><testcase classname="tests.test_auth_saas.TestRegister" name="test_weak_password_rejected[Short1!]" time="0.127" /><testcase classname="tests.test_customers_regression.TestCustomerCreate" name="test_create_customer_with_all_new_ui_fields" time="0.910" /><testcase classname="tests.test_customers_regression.TestCustomerCreate" name="test_get_customer_persists_and_no_objectid" time="0.065" /><testcase classname="tests.test_auth_saas.TestRegister" name="test_weak_password_rejected[alllowercase1!]" time="0.182" /><testcase classname="tests.test_customers_regression.TestCustomerCreate" name="test_create_customer_with_minimal_fields_only" time="0.060" /><testcase classname="tests.test_customers_regression.TestCustomerCreate" name="test_create_customer_requires_companyId" time="0.064" /><testcase classname="tests.test_customers_regression.TestCustomerCreate" name="test_create_customer_upserts_when_firma_and_telefon_match" time="0.269" /><testcase classname="tests.test_auth_saas.TestRegister" name="test_weak_password_rejected[ALLUPPERCASE1!]" time="0.168" /><testcase classname="tests.test_auth_saas.TestRegister" name="test_weak_password_rejected[NoDigitsHere!]" time="0.401" /><testcase classname="tests.test_auth_saas.TestAuthMe" name="test_me_returns_profile" time="0.460" /><testcase classname="tests.test_auth_saas.TestRegister" name="test_weak_password_rejected[NoSymbol123]" time="0.099" /><testcase classname="tests.test_auth_saas.TestRegister" name="test_duplicate_email_returns_409" time="0.438" /><testcase classname="tests.test_auth_saas.TestAuthMe" name="test_me_no_token_returns_401" time="0.121" /><testcase classname="tests.test_auth_saas.TestAuthMe" name="test_me_invalid_token_returns_401" time="0.217" /><testcase classname="tests.test_auth_saas.TestAuthMe" name="test_patch_me_updates_fields" time="0.714" /><testcase classname="tests.test_phase1_features.TestQuoteEkler" name="test_post_quote_persists_ekler" time="0.674" /><testcase classname="tests.test_auth_saas.TestLogin" name="test_login_valid" time="0.680" /><testcase classname="tests.test_phase1_features.TestQuoteEkler" name="test_get_quote_returns_ekler" time="0.285" /><testcase classname="tests.test_phase1_features.TestQuoteEkler" name="test_put_quote_updates_ekler" time="0.068" /><testcase classname="tests.test_phase1_features.TestQuoteEkler" name="test_post_quote_without_ekler_defaults_to_empty_list" time="0.275" /><testcase classname="tests.test_auth_saas.TestLogin" name="test_login_invalid_password" time="0.773" /><testcase classname="tests.test_auth_saas.TestLogin" name="test_login_unknown_email" time="0.404" /><testcase classname="tests.test_customers_regression.TestCustomerAuth" name="test_post_requires_auth" time="0.883" /><testcase classname="tests.test_customers_regression.TestCustomerAuth" name="test_get_requires_auth" time="0.245" /><testcase classname="tests.test_customers_regression.TestCustomerAuth" name="test_delete_requires_auth" time="0.096" /><testcase classname="tests.test_auth_saas.TestPasswordReset" name="test_forgot_password_unknown_email_returns_200" time="0.326" /><testcase classname="tests.test_auth_saas.TestPasswordReset" name="test_forgot_password_known_email_logs_token_and_reset_works" time="2.188" /><testcase classname="tests.test_phase1_features.TestMultiTenancy" name="test_userB_cannot_list_userA_quotes" time="1.048" /><testcase classname="tests.test_phase1_features.TestMultiTenancy" name="test_userB_cannot_update_userA_quote_ekler" time="0.000"><failure message="assert None">E   assert None</failure></testcase><testcase classname="tests.test_phase1_features.TestMultiTenancy" name="test_userB_cannot_read_userA_company" time="0.115" /><testcase classname="tests.test_phase1_features.TestCompanyImzaMetni" name="test_post_persists_imzaMetni" time="0.000" /><testcase classname="tests.test_phase1_features.TestCompanyImzaMetni" name="test_get_returns_imzaMetni" time="0.072" /><testcase classname="tests.test_auth_saas.TestMultiTenancy" name="test_company_isolation" time="1.998" /><testcase classname="tests.test_auth_saas.TestCompanyImzaMetni" name="test_create_and_persist_imzaMetni" time="0.597" /><testcase classname="tests.test_customers_regression.TestCustomerMultiTenancy" name="test_userB_cannot_list_userA_customers" time="1.100" /><testcase classname="tests.test_customers_regression.TestCustomerMultiTenancy" name="test_userB_cannot_delete_userA_customer" time="0.220" /><testcase classname="tests.test_auth_saas.TestCRUDSmoke" name="test_full_flow" time="1.406" /><testcase classname="tests.test_customers_regression.TestCustomerDelete" name="test_delete_removes_customer" time="0.371" /><testcase classname="tests.test_phase1_features" name="test_quotes_post_requires_auth" time="0.658" /><testcase classname="tests.test_phase1_features.TestCompanyReorderFields" name="test_put_persists_reordered_fields" time="0.717" /></testsuite></testsuites>