<?xml version="1.0" encoding="utf-8"?><testsuites name="pytest tests"><testsuite name="pytest" errors="0" failures="0" skipped="0" tests="15" time="1.569" timestamp="2026-08-08T13:45:22.923576+00:00" hostname="agent-env-4cbfbf2c-4953-4501-a7bd-59b801174034"><testcase classname="tests.test_aninda_teklif.TestQuote" name="test_create_quote_computes_totals" time="0.310" /><testcase classname="tests.test_aninda_teklif.TestCompany" name="test_list_companies_no_objectid" time="0.354" /><testcase classname="tests.test_aninda_teklif.TestQuote" name="test_list_quotes" time="0.040" /><testcase classname="tests.test_aninda_teklif.TestQuote" name="test_patch_status" time="0.044" /><testcase classname="tests.test_aninda_teklif.TestCompany" name="test_get_company" time="0.083" /><testcase classname="tests.test_aninda_teklif.TestQuote" name="test_update_quote_recomputes" time="0.041" /><testcase classname="tests.test_aninda_teklif.TestCatalog" name="test_create_and_list_catalog" time="0.132" /><testcase classname="tests.test_aninda_teklif.TestCompany" name="test_update_company" time="0.084" /><testcase classname="tests.test_aninda_teklif.TestCompany" name="test_get_nonexistent" time="0.081" /><testcase classname="tests.test_aninda_teklif.TestCatalog" name="test_bulk_create" time="0.083" /><testcase classname="tests.test_aninda_teklif" name="test_health" time="0.041" /><testcase classname="tests.test_aninda_teklif" name="test_cascade_delete" time="0.580" /><testcase classname="tests.test_aninda_teklif.TestCatalog" name="test_update_delete_catalog" time="0.159" /><testcase classname="tests.test_aninda_teklif.TestCustomer" name="test_create_customer_upsert" time="0.124" /><testcase classname="tests.test_aninda_teklif.TestCustomer" name="test_list_customers" time="0.121" /></testsuite></testsuites>